<?xml version="1.0"?><coverage lines-covered="180" lines-valid="375" line-rate="0.48" branches-covered="0" branches-valid="0" branch-rate="0" complexity="0" version="1.9" timestamp="1779551101"><sources><source>/home/james/Projects/VibeEye</source></sources><packages><package name="crates/vibeeye-core/src" line-rate="1" branch-rate="0" complexity="0"><classes><class name="domain" filename="crates/vibeeye-core/src/domain.rs" line-rate="1" branch-rate="0" complexity="0"><methods/><lines><line number="11" hits="5"/><line number="28" hits="5"/><line number="30" hits="5"/><line number="31" hits="5"/></lines></class></classes></package><package name="crates/vibeeye-app/src/browser" line-rate="0.7619047619047619" branch-rate="0" complexity="0"><classes><class name="mod" filename="crates/vibeeye-app/src/browser/mod.rs" line-rate="0.7619047619047619" branch-rate="0" complexity="0"><methods/><lines><line number="18" hits="5"/><line number="20" hits="5"/><line number="21" hits="5"/><line number="26" hits="20"/><line number="27" hits="10"/><line number="29" hits="5"/><line number="30" hits="5"/><line number="31" hits="5"/><line number="32" hits="5"/><line number="36" hits="5"/><line number="37" hits="5"/><line number="41" hits="20"/><line number="43" hits="5"/><line number="45" hits="10"/><line number="50" hits="0"/><line number="51" hits="0"/><line number="53" hits="0"/><line number="57" hits="20"/><line number="58" hits="5"/><line number="63" hits="0"/><line number="64" hits="0"/></lines></class></classes></package><package name="crates/vibeeye-app/src/extraction" line-rate="1" branch-rate="0" complexity="0"><classes><class name="mod" filename="crates/vibeeye-app/src/extraction/mod.rs" line-rate="1" branch-rate="0" complexity="0"><methods/><lines><line number="10" hits="1"/><line number="11" hits="3"/><line number="12" hits="1"/><line number="13" hits="1"/><line number="14" hits="1"/><line number="19" hits="1"/><line number="20" hits="6"/><line number="21" hits="3"/><line number="30" hits="1"/><line number="32" hits="1"/><line number="36" hits="5"/><line number="37" hits="10"/><line number="38" hits="5"/><line number="39" hits="5"/><line number="40" hits="15"/></lines></class></classes></package><package name="crates/vibeeye-mcp/src" line-rate="0" branch-rate="0" complexity="0"><classes><class name="main" filename="crates/vibeeye-mcp/src/main.rs" line-rate="0" branch-rate="0" complexity="0"><methods/><lines><line number="4" hits="0"/><line number="5" hits="0"/><line number="6" hits="0"/><line number="7" hits="0"/></lines></class></classes></package><package name="crates/vibeeye-cli/src" line-rate="0.4823008849557522" branch-rate="0" complexity="0"><classes><class name="commands" filename="crates/vibeeye-cli/src/commands.rs" line-rate="0" branch-rate="0" complexity="0"><methods/><lines><line number="14" hits="0"/><line number="15" hits="0"/><line number="16" hits="0"/><line number="17" hits="0"/><line number="18" hits="0"/><line number="22" hits="0"/><line number="23" hits="0"/><line number="24" hits="0"/><line number="25" hits="0"/><line number="26" hits="0"/><line number="29" hits="0"/><line number="30" hits="0"/><line number="31" hits="0"/><line number="32" hits="0"/><line number="33" hits="0"/><line number="36" hits="0"/><line number="37" hits="0"/><line number="38" hits="0"/><line number="39" hits="0"/><line number="40" hits="0"/><line number="43" hits="0"/><line number="44" hits="0"/><line number="45" hits="0"/></lines></class><class name="help_tree" filename="crates/vibeeye-cli/src/help_tree.rs" line-rate="0.5860215053763441" branch-rate="0" complexity="0"><methods/><lines><line number="69" hits="0"/><line number="72" hits="0"/><line number="82" hits="8"/><line number="83" hits="8"/><line number="85" hits="8"/><line number="86" hits="14"/><line number="87" hits="16"/><line number="88" hits="16"/><line number="89" hits="14"/><line number="90" hits="7"/><line number="91" hits="4"/><line number="92" hits="5"/><line number="94" hits="7"/><line number="95" hits="2"/><line number="96" hits="2"/><line number="98" hits="4"/><line number="99" hits="5"/><line number="100" hits="2"/><line number="101" hits="2"/><line number="103" hits="9"/><line number="104" hits="2"/><line number="105" hits="2"/><line number="106" hits="4"/><line number="107" hits="2"/><line number="110" hits="2"/><line number="111" hits="4"/><line number="113" hits="12"/><line number="116" hits="1"/><line number="117" hits="1"/><line number="120" hits="2"/><line number="134" hits="1"/><line number="136" hits="1"/><line number="142" hits="1"/><line number="147" hits="1"/><line number="148" hits="3"/><line number="150" hits="3"/><line number="153" hits="2"/><line number="154" hits="2"/><line number="155" hits="3"/><line number="156" hits="3"/><line number="159" hits="1"/><line number="160" hits="1"/><line number="161" hits="2"/><line number="162" hits="1"/><line number="163" hits="3"/><line number="164" hits="0"/><line number="168" hits="1"/><line number="169" hits="1"/><line number="170" hits="2"/><line number="171" hits="0"/><line number="179" hits="0"/><line number="183" hits="0"/><line number="184" hits="0"/><line number="186" hits="0"/><line number="188" hits="0"/><line number="190" hits="0"/><line number="191" hits="0"/><line number="192" hits="0"/><line number="194" hits="0"/><line number="195" hits="0"/><line number="196" hits="0"/><line number="197" hits="0"/><line number="199" hits="0"/><line number="201" hits="0"/><line number="203" hits="0"/><line number="204" hits="0"/><line number="205" hits="0"/><line number="206" hits="0"/><line number="208" hits="0"/><line number="209" hits="0"/><line number="210" hits="0"/><line number="211" hits="0"/><line number="216" hits="0"/><line number="219" hits="1"/><line number="220" hits="1"/><line number="221" hits="1"/><line number="223" hits="2"/><line number="224" hits="0"/><line number="226" hits="0"/><line number="227" hits="0"/><line number="228" hits="0"/><line number="230" hits="0"/><line number="231" hits="0"/><line number="234" hits="1"/><line number="240" hits="0"/><line number="247" hits="0"/><line number="248" hits="0"/><line number="249" hits="0"/><line number="252" hits="0"/><line number="261" hits="0"/><line number="262" hits="0"/><line number="266" hits="0"/><line number="270" hits="0"/><line number="274" hits="0"/><line number="275" hits="0"/><line number="278" hits="0"/><line number="279" hits="0"/><line number="280" hits="0"/><line number="281" hits="0"/><line number="285" hits="0"/><line number="286" hits="0"/><line number="287" hits="0"/><line number="288" hits="0"/><line number="290" hits="0"/><line number="294" hits="0"/><line number="296" hits="0"/><line number="297" hits="0"/><line number="298" hits="0"/><line number="301" hits="0"/><line number="302" hits="0"/><line number="303" hits="0"/><line number="306" hits="0"/><line number="307" hits="0"/><line number="308" hits="0"/><line number="311" hits="0"/><line number="312" hits="0"/><line number="313" hits="0"/><line number="314" hits="0"/><line number="315" hits="0"/><line number="316" hits="0"/><line number="317" hits="0"/><line number="320" hits="0"/><line number="321" hits="0"/><line number="322" hits="0"/><line number="323" hits="0"/><line number="324" hits="0"/><line number="326" hits="0"/><line number="330" hits="5"/><line number="338" hits="5"/><line number="339" hits="10"/><line number="340" hits="5"/><line number="341" hits="7"/><line number="343" hits="4"/><line number="344" hits="2"/><line number="345" hits="3"/><line number="347" hits="3"/><line number="348" hits="1"/><line number="350" hits="1"/><line number="353" hits="1"/><line number="354" hits="2"/><line number="355" hits="2"/><line number="359" hits="3"/><line number="360" hits="3"/><line number="361" hits="3"/><line number="363" hits="6"/><line number="364" hits="6"/><line number="367" hits="3"/><line number="368" hits="4"/><line number="370" hits="2"/><line number="374" hits="1"/><line number="377" hits="2"/><line number="378" hits="4"/><line number="379" hits="4"/><line number="382" hits="3"/><line number="383" hits="3"/><line number="384" hits="6"/><line number="385" hits="3"/><line number="386" hits="1"/><line number="387" hits="1"/><line number="390" hits="1"/><line number="391" hits="1"/><line number="392" hits="2"/><line number="393" hits="1"/><line number="394" hits="1"/><line number="395" hits="1"/><line number="396" hits="1"/><line number="397" hits="2"/><line number="399" hits="2"/><line number="400" hits="2"/><line number="402" hits="2"/><line number="403" hits="0"/><line number="405" hits="2"/><line number="406" hits="2"/><line number="408" hits="1"/><line number="411" hits="4"/><line number="419" hits="4"/><line number="420" hits="1"/><line number="421" hits="1"/><line number="425" hits="3"/><line number="426" hits="6"/><line number="427" hits="2"/><line number="430" hits="2"/><line number="435" hits="1"/><line number="439" hits="2"/><line number="442" hits="1"/><line number="443" hits="1"/></lines></class><class name="main" filename="crates/vibeeye-cli/src/main.rs" line-rate="0" branch-rate="0" complexity="0"><methods/><lines><line number="10" hits="0"/><line number="11" hits="0"/><line number="12" hits="0"/><line number="13" hits="0"/><line number="14" hits="0"/><line number="15" hits="0"/><line number="16" hits="0"/><line number="17" hits="0"/><line number="20" hits="0"/><line number="21" hits="0"/><line number="24" hits="0"/><line number="25" hits="0"/><line number="27" hits="0"/><line number="28" hits="0"/><line number="30" hits="0"/><line number="31" hits="0"/><line number="34" hits="0"/></lines></class></classes></package><package name="crates/vibeeye-app/src/tools" line-rate="0.45" branch-rate="0" complexity="0"><classes><class name="browse" filename="crates/vibeeye-app/src/tools/browse.rs" line-rate="0.2631578947368421" branch-rate="0" complexity="0"><methods/><lines><line number="45" hits="0"/><line number="46" hits="0"/><line number="49" hits="0"/><line number="50" hits="0"/><line number="55" hits="0"/><line number="56" hits="0"/><line number="59" hits="0"/><line number="60" hits="0"/><line number="63" hits="0"/><line number="64" hits="0"/><line number="65" hits="0"/><line number="66" hits="0"/><line number="67" hits="0"/><line number="68" hits="0"/><line number="78" hits="5"/><line number="79" hits="2"/><line number="81" hits="1"/><line number="83" hits="1"/><line number="84" hits="1"/></lines></class><class name="common" filename="crates/vibeeye-app/src/tools/common.rs" line-rate="1" branch-rate="0" complexity="0"><methods/><lines><line number="15" hits="20"/><line number="16" hits="5"/><line number="18" hits="25"/><line number="19" hits="5"/><line number="20" hits="15"/><line number="21" hits="5"/><line number="23" hits="25"/><line number="25" hits="15"/><line number="26" hits="5"/><line number="28" hits="10"/><line number="30" hits="10"/><line number="32" hits="10"/><line number="34" hits="5"/></lines></class><class name="extract" filename="crates/vibeeye-app/src/tools/extract.rs" line-rate="0.4074074074074074" branch-rate="0" complexity="0"><methods/><lines><line number="22" hits="0"/><line number="23" hits="0"/><line number="52" hits="0"/><line number="53" hits="0"/><line number="56" hits="0"/><line number="57" hits="0"/><line number="62" hits="0"/><line number="63" hits="0"/><line number="66" hits="0"/><line number="67" hits="0"/><line number="70" hits="0"/><line number="71" hits="0"/><line number="72" hits="0"/><line number="73" hits="0"/><line number="74" hits="0"/><line number="75" hits="0"/><line number="81" hits="3"/><line number="83" hits="4"/><line number="84" hits="3"/><line number="85" hits="1"/><line number="94" hits="15"/><line number="95" hits="6"/><line number="96" hits="6"/><line number="98" hits="3"/><line number="99" hits="1"/><line number="101" hits="1"/><line number="102" hits="3"/></lines></class><class name="snapshot" filename="crates/vibeeye-app/src/tools/snapshot.rs" line-rate="0.3333333333333333" branch-rate="0" complexity="0"><methods/><lines><line number="44" hits="0"/><line number="45" hits="0"/><line number="48" hits="0"/><line number="49" hits="0"/><line number="54" hits="0"/><line number="55" hits="0"/><line number="58" hits="0"/><line number="59" hits="0"/><line number="62" hits="0"/><line number="63" hits="0"/><line number="64" hits="0"/><line number="65" hits="0"/><line number="66" hits="0"/><line number="67" hits="0"/><line number="77" hits="5"/><line number="78" hits="2"/><line number="80" hits="2"/><line number="82" hits="1"/><line number="83" hits="1"/><line number="84" hits="1"/><line number="86" hits="1"/></lines></class></classes></package><package name="crates/vibeeye-app/src" line-rate="0.475177304964539" branch-rate="0" complexity="0"><classes><class name="discovery" filename="crates/vibeeye-app/src/discovery.rs" line-rate="0" branch-rate="0" complexity="0"><methods/><lines><line number="31" hits="0"/><line number="32" hits="0"/><line number="33" hits="0"/><line number="34" hits="0"/><line number="69" hits="0"/><line number="70" hits="0"/></lines></class><class name="tool_registry" filename="crates/vibeeye-app/src/tool_registry.rs" line-rate="0" branch-rate="0" complexity="0"><methods/><lines><line number="12" hits="0"/><line number="14" hits="0"/><line number="17" hits="0"/><line number="18" hits="0"/><line number="19" hits="0"/><line number="20" hits="0"/><line number="26" hits="0"/><line number="27" hits="0"/><line number="31" hits="0"/><line number="32" hits="0"/><line number="33" hits="0"/><line number="37" hits="0"/><line number="40" hits="0"/><line number="45" hits="0"/><line number="46" hits="0"/><line number="50" hits="0"/><line number="51" hits="0"/><line number="55" hits="0"/><line number="56" hits="0"/></lines></class></classes></package></packages></coverage>