TN:
SF:/home/james/Projects/VibeEye/crates/vibeeye-app/src/browser/mod.rs
FN:18,BrowserSession::new
FN:26,BrowserSession::navigate
FN:36,BrowserSession::current_url
FN:41,BrowserSession::get_html
FN:50,BrowserSession::get_text
FN:57,BrowserSession::close
FN:63,<impl Default for BrowserSession>::default
FNF:7
FNDA:0,BrowserSession::new
FNDA:0,BrowserSession::navigate
FNDA:0,BrowserSession::current_url
FNDA:0,BrowserSession::get_html
FNDA:0,BrowserSession::get_text
FNDA:0,BrowserSession::close
FNDA:0,<impl Default for BrowserSession>::default
DA:18,0
DA:20,0
DA:21,0
DA:26,0
DA:27,0
DA:29,0
DA:30,0
DA:31,0
DA:32,0
DA:36,0
DA:37,0
DA:41,0
DA:43,0
DA:45,0
DA:50,0
DA:51,0
DA:53,0
DA:57,0
DA:58,0
DA:63,0
DA:64,0
LF:21
LH:0
end_of_record
TN:
SF:/home/james/Projects/VibeEye/crates/vibeeye-app/src/discovery.rs
FN:31,SonarDiscovery::capability_metadata
FN:69,type_to_schema
FNF:2
FNDA:0,SonarDiscovery::capability_metadata
FNDA:0,type_to_schema
DA:31,0
DA:32,0
DA:33,0
DA:34,0
DA:69,0
DA:70,0
LF:6
LH:0
end_of_record
TN:
SF:/home/james/Projects/VibeEye/crates/vibeeye-app/src/extraction/mod.rs
FN:10,extract
FN:19,strip_html
FN:30,html_to_markdown_stub
FN:36,extract_title
FNF:4
FNDA:0,extract
FNDA:0,strip_html
FNDA:0,html_to_markdown_stub
FNDA:0,extract_title
DA:10,0
DA:11,0
DA:12,0
DA:13,0
DA:14,0
DA:19,0
DA:20,0
DA:21,0
DA:30,0
DA:32,0
DA:36,0
DA:37,0
DA:38,0
DA:39,0
DA:40,0
LF:15
LH:0
end_of_record
TN:
SF:/home/james/Projects/VibeEye/crates/vibeeye-app/src/tool_registry.rs
FNF:0
DA:40,0
DA:46,0
LF:2
LH:0
end_of_record
TN:
SF:/home/james/Projects/VibeEye/crates/vibeeye-app/src/tools/browse.rs
FNF:0
DA:45,0
DA:46,0
DA:49,0
DA:50,0
DA:55,0
DA:56,0
DA:59,0
DA:60,0
DA:63,0
DA:64,0
DA:65,0
DA:66,0
DA:67,0
DA:68,0
DA:78,0
DA:79,0
DA:81,0
DA:83,0
DA:84,0
LF:19
LH:0
end_of_record
TN:
SF:/home/james/Projects/VibeEye/crates/vibeeye-app/src/tools/common.rs
FN:15,navigate_and_capture
FNF:1
FNDA:0,navigate_and_capture
DA:15,0
DA:16,0
DA:18,0
DA:19,0
DA:20,0
DA:21,0
DA:23,0
DA:25,0
DA:26,0
DA:28,0
DA:30,0
DA:32,0
DA:34,0
LF:13
LH:0
end_of_record
TN:
SF:/home/james/Projects/VibeEye/crates/vibeeye-app/src/tools/extract.rs
FN:22,default_format
FNF:1
FNDA:0,default_format
DA:22,0
DA:23,0
DA:52,0
DA:53,0
DA:56,0
DA:57,0
DA:62,0
DA:63,0
DA:66,0
DA:67,0
DA:70,0
DA:71,0
DA:72,0
DA:73,0
DA:74,0
DA:75,0
DA:81,0
DA:83,0
DA:84,0
DA:85,0
DA:94,0
DA:95,0
DA:96,0
DA:98,0
DA:99,0
DA:101,0
DA:102,0
LF:27
LH:0
end_of_record
TN:
SF:/home/james/Projects/VibeEye/crates/vibeeye-app/src/tools/snapshot.rs
FNF:0
DA:44,0
DA:45,0
DA:48,0
DA:49,0
DA:54,0
DA:55,0
DA:58,0
DA:59,0
DA:62,0
DA:63,0
DA:64,0
DA:65,0
DA:66,0
DA:67,0
DA:77,0
DA:78,0
DA:80,0
DA:82,0
DA:83,0
DA:84,0
DA:86,0
LF:21
LH:0
end_of_record
TN:
SF:/home/james/Projects/VibeEye/crates/vibeeye-cli/src/commands.rs
FNF:0
DA:43,0
DA:44,0
DA:45,0
LF:3
LH:0
end_of_record
TN:
SF:/home/james/Projects/VibeEye/crates/vibeeye-cli/src/help_tree.rs
FNF:0
DA:183,0
DA:184,0
DA:186,0
DA:188,0
DA:190,0
DA:191,0
DA:192,0
DA:194,0
DA:195,0
DA:196,0
DA:197,0
DA:199,0
DA:201,0
DA:203,0
DA:204,0
DA:205,0
DA:206,0
DA:208,0
DA:209,0
DA:210,0
DA:211,0
DA:216,0
DA:219,0
DA:220,0
DA:221,0
DA:223,0
DA:224,0
DA:226,0
DA:227,0
DA:228,0
DA:230,0
DA:231,0
DA:234,0
LF:33
LH:0
end_of_record
TN:
SF:/home/james/Projects/VibeEye/crates/vibeeye-core/src/domain.rs
FN:11,<impl Default for Viewport>::default
FN:28,<impl Default for BrowserContext>::default
FNF:2
FNDA:0,<impl Default for Viewport>::default
FNDA:0,<impl Default for BrowserContext>::default
DA:11,0
DA:28,0
DA:30,0
DA:31,0
LF:4
LH:0
end_of_record
TN:
SF:/home/james/Projects/VibeEye/crates/vibeeye-mcp/src/handler.rs
FN:19,<impl ServerHandler for VibeEyeMcpHandler>::handle_list_tools_request
FN:35,<impl ServerHandler for VibeEyeMcpHandler>::handle_call_tool_request
FNF:2
FNDA:0,<impl ServerHandler for VibeEyeMcpHandler>::handle_list_tools_request
FNDA:0,<impl ServerHandler for VibeEyeMcpHandler>::handle_call_tool_request
DA:19,0
DA:24,0
DA:25,0
DA:26,0
DA:27,0
DA:28,0
DA:29,0
DA:30,0
DA:35,0
DA:40,0
DA:41,0
DA:42,0
DA:43,0
DA:45,0
DA:47,0
DA:48,0
DA:50,0
DA:51,0
DA:52,0
DA:53,0
DA:54,0
DA:55,0
DA:56,0
DA:58,0
DA:59,0
DA:61,0
DA:62,0
DA:63,0
DA:64,0
DA:65,0
DA:66,0
DA:67,0
DA:68,0
DA:69,0
DA:71,0
DA:72,0
DA:74,0
DA:76,0
DA:77,0
DA:79,0
DA:80,0
DA:81,0
DA:82,0
DA:83,0
DA:84,0
DA:85,0
DA:87,0
LF:47
LH:0
end_of_record
TN:
SF:/home/james/Projects/VibeEye/crates/vibeeye-mcp/src/main.rs
FN:18,main
FNF:1
FNDA:0,main
DA:18,0
DA:19,0
DA:20,0
DA:23,0
DA:31,0
DA:37,0
DA:40,0
DA:43,0
DA:44,0
DA:45,0
DA:46,0
DA:52,0
DA:53,0
DA:60,0
LF:14
LH:0
end_of_record
TN:
SF:/home/james/Projects/VibeEye/crates/vibeeye-mcp/src/tools.rs
FN:37,default_format
FNF:1
FNDA:0,default_format
DA:37,0
DA:38,0
LF:2
LH:0
end_of_record
